<?xml version="1.0" encoding="UTF-8"?>
<!-- Generated by org.testng.reporters.JUnitReportReporter -->
<testsuite hostname="Bhavana-PC" failures="0" tests="1" name="Task1.DragandDrop" time="8.942" errors="0" timestamp="2021-07-27T13:22:15 IST" skipped="0">
  <testcase classname="Task1.DragandDrop" name="draganddrop" time="8.942"/>
  <system-out/>
</testsuite> <!-- Task1.DragandDrop -->
