<?xml version="1.0" encoding="UTF-8"?>
<!-- Generated by org.testng.reporters.JUnitReportReporter -->
<testsuite hostname="Digvijay-PC" failures="0" tests="2" name="TestNGDemo.TestNGdemo" time="0.016" errors="0" timestamp="2021-07-05T15:22:10 IST" skipped="0">
  <testcase classname="TestNGDemo.TestNGdemo" name="secondtest" time="0.002"/>
  <system-out/>
  <testcase classname="TestNGDemo.TestNGdemo" name="firsttest" time="0.014"/>
  <system-out/>
</testsuite> <!-- TestNGDemo.TestNGdemo -->
