<?xml version="1.0" encoding="UTF-8"?>
<!-- Generated by org.testng.reporters.JUnitReportReporter -->
<testsuite hostname="Bhavana-PC" failures="0" tests="5" name="TestNGDependency.TestNGdependency" time="0.023" errors="0" timestamp="2021-07-21T20:40:21 IST" skipped="0">
  <testcase classname="TestNGDependency.TestNGdependency" name="M3" time="0.011"/>
  <system-out/>
  <testcase classname="TestNGDependency.TestNGdependency" name="M2" time="0.002"/>
  <system-out/>
  <testcase classname="TestNGDependency.TestNGdependency" name="M1" time="0.004"/>
  <system-out/>
  <testcase classname="TestNGDependency.TestNGdependency" name="M4" time="0.002"/>
  <system-out/>
  <testcase classname="TestNGDependency.TestNGdependency" name="M5" time="0.004"/>
  <system-out/>
</testsuite> <!-- TestNGDependency.TestNGdependency -->
