<?xml version="1.0" encoding="UTF-8"?>
<!-- Generated by org.testng.reporters.JUnitReportReporter -->
<testsuite hostname="Bhavana-PC" failures="0" tests="1" name="TestNGListner2.LoginMT" time="2.276" errors="0" timestamp="2021-07-23T15:58:03 IST" skipped="0">
  <testcase classname="TestNGListner2.LoginMT" name="M1" time="2.276"/>
  <system-out/>
</testsuite> <!-- TestNGListner2.LoginMT -->
