<?xml version="1.0" encoding="UTF-8"?>
<!-- Generated by org.testng.reporters.JUnitReportReporter -->
<testsuite hostname="Bhavana-PC" failures="0" tests="1" name="Task1.checkboxesandrdiobutns" time="0.704" errors="0" timestamp="2021-07-27T12:33:58 IST" skipped="0">
  <testcase classname="Task1.checkboxesandrdiobutns" name="box" time="0.704"/>
  <system-out/>
</testsuite> <!-- Task1.checkboxesandrdiobutns -->
