<?xml version="1.0" encoding="UTF-8"?>
<!-- Generated by org.testng.reporters.JUnitReportReporter -->
<testsuite hostname="Bhavana-PC" failures="0" tests="2" name="AssertionDemo.AssertionTsk" time="5.702" errors="0" timestamp="2021-07-22T22:37:07 IST" skipped="0">
  <testcase classname="AssertionDemo.AssertionTsk" name="Book" time="1.531"/>
  <system-out/>
  <testcase classname="AssertionDemo.AssertionTsk" name="loginData" time="4.171"/>
  <system-out/>
</testsuite> <!-- AssertionDemo.AssertionTsk -->
