<?xml version="1.0" encoding="UTF-8"?>
<!-- Generated by org.testng.reporters.JUnitReportReporter -->
<testsuite hostname="Digvijay-PC" failures="0" tests="4" name="Taskofdataprovider.registernlogin" time="29.150" errors="0" timestamp="2021-07-07T14:47:04 IST" skipped="0">
  <testcase classname="Taskofdataprovider.registernlogin" name="register" time="7.670"/>
  <system-out/>
  <testcase classname="Taskofdataprovider.registernlogin" name="login" time="6.098"/>
  <system-out/>
  <testcase classname="Taskofdataprovider.registernlogin" name="register" time="8.181"/>
  <system-out/>
  <testcase classname="Taskofdataprovider.registernlogin" name="login" time="7.201"/>
  <system-out/>
</testsuite> <!-- Taskofdataprovider.registernlogin -->
