<?xml version="1.0" encoding="UTF-8"?>
<!-- Generated by org.testng.reporters.JUnitReportReporter -->
<testsuite hostname="Bhavana-PC" failures="0" tests="1" name="PropertiesFiles.RegisterJPS" time="2.704" errors="0" timestamp="2021-07-28T15:18:04 IST" skipped="0">
  <testcase classname="PropertiesFiles.RegisterJPS" name="DemoRegisterMT" time="2.704"/>
  <system-out/>
</testsuite> <!-- PropertiesFiles.RegisterJPS -->
