<?xml version="1.0" encoding="UTF-8"?>
<!-- Generated by org.testng.reporters.JUnitReportReporter -->
<testsuite hostname="Bhavana-PC" failures="0" tests="1" name="AssertionDemo.AssertionDemoTask" time="24.272" errors="0" timestamp="2021-07-11T22:47:04 IST" skipped="0">
  <testcase classname="AssertionDemo.AssertionDemoTask" name="test1" time="24.272"/>
  <system-out/>
</testsuite> <!-- AssertionDemo.AssertionDemoTask -->
