<?xml version="1.0" encoding="UTF-8"?>
<!-- Generated by org.testng.reporters.JUnitReportReporter -->
<testsuite hostname="Bhavana-PC" failures="0" tests="1" name="Task1.SampleWebDriver" time="4.264" errors="0" timestamp="2021-07-26T14:28:47 IST" skipped="0">
  <testcase classname="Task1.SampleWebDriver" name="login" time="4.264"/>
  <system-out/>
</testsuite> <!-- Task1.SampleWebDriver -->
