<?xml version="1.0" encoding="UTF-8"?>
<!-- Generated by org.testng.reporters.JUnitReportReporter -->
<testsuite hostname="Bhavana-PC" failures="0" tests="1" name="com.Listners.Tasks.AddToCartFish" time="2.850" errors="0" timestamp="2021-07-26T13:50:18 IST" skipped="0">
  <testcase classname="com.Listners.Tasks.AddToCartFish" name="addtocart" time="2.850"/>
  <system-out/>
</testsuite> <!-- com.Listners.Tasks.AddToCartFish -->
