<?xml version="1.0" encoding="UTF-8"?>
<!-- Generated by org.testng.reporters.JUnitReportReporter -->
<testsuite hostname="Bhavana-PC" failures="0" tests="2" name="Task1.Framenameprint" time="5.340" errors="0" timestamp="2021-07-27T16:19:22 IST" skipped="0">
  <testcase classname="Task1.Framenameprint" name="framename1" time="1.538"/>
  <system-out/>
  <testcase classname="Task1.Framenameprint" name="framename2" time="3.802"/>
  <system-out/>
</testsuite> <!-- Task1.Framenameprint -->
