<?xml version="1.0" encoding="UTF-8"?>
<!-- Generated by org.testng.reporters.JUnitReportReporter -->
<testsuite hostname="Digvijay-PC" failures="0" tests="1" name="Parameterdemo.ParameterDemo" time="3.632" errors="0" timestamp="2021-07-07T15:42:25 IST" skipped="0">
  <testcase classname="Parameterdemo.ParameterDemo" name="Login" time="3.632"/>
  <system-out/>
</testsuite> <!-- Parameterdemo.ParameterDemo -->
