<?xml version="1.0" encoding="UTF-8"?>
<!-- Generated by org.testng.reporters.JUnitReportReporter -->
<testsuite hostname="Bhavana-PC" failures="0" tests="1" name="Task1.SelectDate" time="7.595" errors="0" timestamp="2021-07-28T14:09:18 IST" skipped="0">
  <testcase classname="Task1.SelectDate" name="selectdate" time="7.595"/>
  <system-out/>
</testsuite> <!-- Task1.SelectDate -->
