<?xml version="1.0" encoding="UTF-8"?>
<!-- Generated by org.testng.reporters.JUnitReportReporter -->
<testsuite hostname="Bhavana-PC" failures="0" tests="1" name="TestNGListner2.RegisterMT" time="4.172" errors="0" timestamp="2021-07-23T15:58:03 IST" skipped="0">
  <testcase classname="TestNGListner2.RegisterMT" name="M1" time="4.172"/>
  <system-out/>
</testsuite> <!-- TestNGListner2.RegisterMT -->
