<?xml version="1.0" encoding="UTF-8"?>
<!-- Generated by org.testng.reporters.JUnitReportReporter -->
<testsuite hostname="Digvijay-PC" failures="0" tests="1" name="Parameterregisteronmercury.pararegisteronmercury" time="8.935" errors="0" timestamp="2021-07-07T16:08:28 IST" skipped="0">
  <testcase classname="Parameterregisteronmercury.pararegisteronmercury" name="register" time="8.935"/>
  <system-out/>
</testsuite> <!-- Parameterregisteronmercury.pararegisteronmercury -->
