<?xml version="1.0" encoding="UTF-8"?>
<!-- Generated by org.testng.reporters.JUnitReportReporter -->
<testsuite hostname="Digvijay-PC" failures="0" tests="1" name="TestNGdemo1.NewTest" time="0.009" errors="0" timestamp="2021-07-05T15:27:33 IST" skipped="0">
  <testcase classname="TestNGdemo1.NewTest" name="f" time="0.009"/>
  <system-out/>
</testsuite> <!-- TestNGdemo1.NewTest -->
