<?xml version="1.0" encoding="UTF-8"?>
<!-- Generated by org.testng.reporters.JUnitReportReporter -->
<testsuite hostname="Bhavana-PC" failures="0" tests="3" name="TestNGDemo3.parameterdemo" time="20.250" errors="0" timestamp="2021-07-19T16:48:57 IST" skipped="0">
  <testcase classname="TestNGDemo3.parameterdemo" name="login" time="6.080"/>
  <system-out/>
  <testcase classname="TestNGDemo3.parameterdemo" name="login" time="6.003"/>
  <system-out/>
  <testcase classname="TestNGDemo3.parameterdemo" name="login" time="8.167"/>
  <system-out/>
</testsuite> <!-- TestNGDemo3.parameterdemo -->
