<?xml version="1.0" encoding="UTF-8"?>
<!-- Generated by org.testng.reporters.JUnitReportReporter -->
<testsuite hostname="Digvijay-PC" failures="0" tests="1" name="TestNGdemo2.NewTest2" time="1.960" errors="0" timestamp="2021-07-05T17:34:26 IST" skipped="0">
  <testcase classname="TestNGdemo2.NewTest2" name="M1" time="1.960"/>
  <system-out/>
</testsuite> <!-- TestNGdemo2.NewTest2 -->
