<?xml version="1.0" encoding="UTF-8"?>
<!-- Generated by org.testng.reporters.JUnitReportReporter -->
<testsuite hostname="Bhavana-PC" failures="0" tests="1" name="PropertiesFiles.DemoProperties" time="1.508" errors="0" timestamp="2021-07-28T13:02:50 IST" skipped="0">
  <testcase classname="PropertiesFiles.DemoProperties" name="login" time="1.508"/>
  <system-out/>
</testsuite> <!-- PropertiesFiles.DemoProperties -->
