<?xml version="1.0" encoding="UTF-8"?>
<!-- Generated by org.testng.reporters.JUnitReportReporter -->
<testsuite hostname="Bhavana-PC" failures="0" tests="1" name="AssertionDemo.AssertionDemo" time="15.907" errors="0" timestamp="2021-07-10T15:25:11 IST" skipped="0">
  <testcase classname="AssertionDemo.AssertionDemo" name="test1" time="15.907"/>
  <system-out/>
</testsuite> <!-- AssertionDemo.AssertionDemo -->
