<?xml version="1.0" encoding="UTF-8"?>
<!-- Generated by org.testng.reporters.JUnitReportReporter -->
<testsuite hostname="Bhavana-PC" failures="0" tests="4" name="Task1.Crickbuzz" time="13.219" errors="0" timestamp="2021-07-28T14:06:39 IST" skipped="0">
  <testcase classname="Task1.Crickbuzz" name="m1" time="3.005"/>
  <system-out/>
  <testcase classname="Task1.Crickbuzz" name="m2" time="7.198"/>
  <system-out/>
  <testcase classname="Task1.Crickbuzz" name="m3" time="1.558"/>
  <system-out/>
  <testcase classname="Task1.Crickbuzz" name="m4" time="1.458"/>
  <system-out/>
</testsuite> <!-- Task1.Crickbuzz -->
