<?xml version="1.0" encoding="UTF-8"?>
<!-- Generated by org.testng.reporters.JUnitReportReporter -->
<testsuite hostname="Bhavana-PC" failures="0" tests="1" name="com.Listners.Tasks.AddFlight" time="6.792" errors="0" timestamp="2021-07-26T13:50:18 IST" skipped="0">
  <testcase classname="com.Listners.Tasks.AddFlight" name="flight" time="6.792"/>
  <system-out/>
</testsuite> <!-- com.Listners.Tasks.AddFlight -->
