<?xml version="1.0" encoding="UTF-8"?>
<!-- Generated by org.testng.reporters.JUnitReportReporter -->
<testsuite hostname="Bhavana-PC" failures="0" tests="1" name="PropertiesFiles.registerMT" time="3.332" errors="0" timestamp="2021-07-28T15:19:25 IST" skipped="0">
  <testcase classname="PropertiesFiles.registerMT" name="DemoRegisterMT" time="3.332"/>
  <system-out/>
</testsuite> <!-- PropertiesFiles.registerMT -->
