<?xml version="1.0" encoding="UTF-8"?>
<!-- Generated by org.testng.reporters.JUnitReportReporter -->
<testsuite hostname="Bhavana-PC" failures="0" tests="1" name="Task1.DropDown" time="9.347" errors="0" timestamp="2021-07-27T14:03:23 IST" skipped="0">
  <testcase classname="Task1.DropDown" name="alert" time="9.347"/>
  <system-out/>
</testsuite> <!-- Task1.DropDown -->
