<?xml version="1.0" encoding="UTF-8"?>
<!-- Generated by org.testng.reporters.JUnitReportReporter -->
<testsuite hostname="Bhavana-PC" failures="0" tests="2" name="GitProject.DemoWebShop" time="3.099" errors="0" timestamp="2021-08-04T16:56:00 IST" skipped="0">
  <testcase classname="GitProject.DemoWebShop" name="m1" time="1.548"/>
  <system-out/>
  <testcase classname="GitProject.DemoWebShop" name="login" time="1.551"/>
  <system-out/>
</testsuite> <!-- GitProject.DemoWebShop -->
