<?xml version="1.0" encoding="UTF-8"?>
<!-- Generated by org.testng.reporters.JUnitReportReporter -->
<testsuite hostname="Bhavana-PC" failures="0" tests="5" name="Task1.Demooprations" time="19.951" errors="0" timestamp="2021-07-27T16:03:18 IST" skipped="0">
  <testcase classname="Task1.Demooprations" name="Add" time="2.792"/>
  <system-out/>
  <testcase classname="Task1.Demooprations" name="Subtract" time="4.385"/>
  <system-out/>
  <testcase classname="Task1.Demooprations" name="Multiply" time="4.324"/>
  <system-out/>
  <testcase classname="Task1.Demooprations" name="Divide" time="4.231"/>
  <system-out/>
  <testcase classname="Task1.Demooprations" name="Concatenate" time="4.219"/>
  <system-out/>
</testsuite> <!-- Task1.Demooprations -->
