<?xml version="1.0" encoding="UTF-8"?>
<!-- Generated by org.testng.reporters.JUnitReportReporter -->
<testsuite hostname="Bhavana-PC" failures="0" tests="4" name="TestNGDemo4.TestNGDemo4" time="0.024" errors="0" timestamp="2021-07-21T15:08:15 IST" skipped="1">
  <testcase classname="TestNGDemo4.TestNGDemo4" name="sub" time="0.014"/>
  <system-out/>
  <testcase classname="TestNGDemo4.TestNGDemo4" name="div" time="0.008"/>
  <system-out/>
  <testcase classname="TestNGDemo4.TestNGDemo4" name="mul" time="0.002"/>
  <system-out/>
  <testcase classname="TestNGDemo4.TestNGDemo4" name="sum">
    <skipped/>
  </testcase> <!-- sum -->
  <system-out/>
</testsuite> <!-- TestNGDemo4.TestNGDemo4 -->
