<?xml version="1.0" encoding="UTF-8"?>
<!-- Generated by org.testng.reporters.JUnitReportReporter -->
<testsuite hostname="Bhavana-PC" failures="0" tests="1" name="Task1.Alert" time="14.965" errors="0" timestamp="2021-07-27T12:45:42 IST" skipped="0">
  <testcase classname="Task1.Alert" name="alert" time="14.965"/>
  <system-out/>
</testsuite> <!-- Task1.Alert -->
