<?xml version="1.0" encoding="UTF-8"?>
<!-- Generated by org.testng.reporters.JUnitReportReporter -->
<testsuite hostname="Digvijay-PC" failures="0" tests="5" name="TestNGDataProvider.Dataproviderdemo" time="38.911" errors="0" timestamp="2021-07-06T16:48:33 IST" skipped="0">
  <testcase classname="TestNGDataProvider.Dataproviderdemo" name="login" time="8.482"/>
  <system-out/>
  <testcase classname="TestNGDataProvider.Dataproviderdemo" name="login" time="7.040"/>
  <system-out/>
  <testcase classname="TestNGDataProvider.Dataproviderdemo" name="login" time="7.330"/>
  <system-out/>
  <testcase classname="TestNGDataProvider.Dataproviderdemo" name="login" time="9.086"/>
  <system-out/>
  <testcase classname="TestNGDataProvider.Dataproviderdemo" name="login" time="6.973"/>
  <system-out/>
</testsuite> <!-- TestNGDataProvider.Dataproviderdemo -->
